<?xml version="1.0" encoding="UTF-8"?>
<!-- Generated by org.testng.reporters.JUnitReportReporter -->
<testsuite hostname="DESKTOP-P6K6F5J" failures="0" tests="1" name="Test_Page.Test_Dashboard" time="2.951" errors="0" timestamp="2023-10-03T07:12:41 IST" skipped="0">
  <testcase classname="Test_Page.Test_Dashboard" name="loginApp" time="2.951"/>
  <system-out/>
</testsuite> <!-- Test_Page.Test_Dashboard -->
